<?xml version="1.0" encoding="UTF-8"?>
<robot generator="Robot 6.1.1 (Python 3.11.3 on darwin)" generated="20231128 10:10:29.369" rpa="false" schemaversion="4">
<suite id="s1" name="Signup Attempt" source="/Users/leonardoignacio/Cursos/QAx/projects/mark85-robot-express/tests/signup_attempt.robot">
<test id="s1-t1" name="Não deve logar com senha de 1 dígito" line="11">
<kw name="Start Session" library="base" type="SETUP">
<kw name="New Browser" library="Browser">
<arg>browser=chromium</arg>
<arg>headless=False</arg>
<tag>BrowserControl</tag>
<tag>Setter</tag>
<doc>Create a new playwright Browser with specified options.</doc>
<msg timestamp="20231128 10:10:31.754" level="INFO">{"browser": "chromium", "headless": false, "chromiumSandbox": false, "devtools": false, "handleSIGHUP": true, "handleSIGINT": true, "handleSIGTERM": true, "slowMo": 0.0, "timeout": 30000.0, "tracesDir": "/Users/leonardoignacio/Cursos/QAx/projects/mark85-robot-express/logs/browser/traces/52943724-00e5-4d51-ba03-74d95a78d622"}</msg>
<msg timestamp="20231128 10:10:32.497" level="INFO">Successfully created browser with options: {"browser":"chromium","headless":false,"chromiumSandbox":false,"devtools":false,"handleSIGHUP":true,"handleSIGINT":true,"handleSIGTERM":true,"slowMo":0,"timeout":30000,"tracesDir":"/Users/leonardoignacio/Cursos/QAx/projects/mark85-robot-express/logs/browser/traces/52943724-00e5-4d51-ba03-74d95a78d622"}</msg>
<status status="PASS" starttime="20231128 10:10:31.753" endtime="20231128 10:10:32.497"/>
</kw>
<kw name="New Page" library="Browser">
<arg>${BASE_URL}</arg>
<tag>BrowserControl</tag>
<tag>Setter</tag>
<doc>Open a new Page.</doc>
<msg timestamp="20231128 10:10:34.958" level="INFO">Successfully initialized new page object and opened url: http://localhost:3000</msg>
<msg timestamp="20231128 10:10:34.958" level="INFO">No context was open. New context was automatically opened when this page is created.</msg>
<status status="PASS" starttime="20231128 10:10:32.498" endtime="20231128 10:10:34.959"/>
</kw>
<status status="PASS" starttime="20231128 10:10:31.752" endtime="20231128 10:10:34.959"/>
</kw>
<kw name="Short password">
<arg>1</arg>
<kw name="Create Dictionary" library="BuiltIn">
<var>${user}</var>
<arg>name=Leonardo Martins</arg>
<arg>email=martins@msn.com</arg>
<arg>password=${short_pass}</arg>
<doc>Creates and returns a dictionary based on the given ``items``.</doc>
<msg timestamp="20231128 10:10:34.961" level="INFO">${user} = {'name': 'Leonardo Martins', 'email': 'martins@msn.com', 'password': '1'}</msg>
<status status="PASS" starttime="20231128 10:10:34.960" endtime="20231128 10:10:34.961"/>
</kw>
<kw name="Go to signup page" library="SignupPage">
<kw name="Go To" library="Browser">
<arg>${BASE_URL}/signup</arg>
<tag>BrowserControl</tag>
<tag>Setter</tag>
<doc>Navigates to the given ``url``.</doc>
<msg timestamp="20231128 10:10:35.026" level="INFO">Successfully opened URL http://localhost:3000/signup</msg>
<status status="PASS" starttime="20231128 10:10:34.962" endtime="20231128 10:10:35.026"/>
</kw>
<kw name="Wait For Elements State" library="Browser">
<arg>css=h1</arg>
<arg>visible</arg>
<arg>5</arg>
<tag>PageContent</tag>
<tag>Wait</tag>
<doc>Waits for the element found by ``selector`` to satisfy state option.</doc>
<msg timestamp="20231128 10:10:35.051" level="INFO">Waited for Element with selector css=h1 at state visible</msg>
<status status="PASS" starttime="20231128 10:10:35.027" endtime="20231128 10:10:35.051"/>
</kw>
<kw name="Get Text" library="Browser">
<arg>css=h1</arg>
<arg>equal</arg>
<arg>Faça seu cadastro</arg>
<tag>Assertion</tag>
<tag>Getter</tag>
<tag>PageContent</tag>
<doc>Returns text attribute of the element found by ``selector``.</doc>
<msg timestamp="20231128 10:10:35.071" level="INFO">Text: 'Faça seu cadastro'</msg>
<status status="PASS" starttime="20231128 10:10:35.051" endtime="20231128 10:10:35.071"/>
</kw>
<status status="PASS" starttime="20231128 10:10:34.962" endtime="20231128 10:10:35.071"/>
</kw>
<kw name="Submit signup form" library="SignupPage">
<arg>${user}</arg>
<kw name="Fill Text" library="Browser">
<arg>css=input[name=name]</arg>
<arg>${user}[name]</arg>
<tag>PageContent</tag>
<tag>Setter</tag>
<doc>Clears and fills the given ``txt`` into the text field found by ``selector``.</doc>
<msg timestamp="20231128 10:10:35.071" level="INFO">Fills the text 'Leonardo Martins' in the given field.</msg>
<status status="PASS" starttime="20231128 10:10:35.071" endtime="20231128 10:10:35.096"/>
</kw>
<kw name="Fill Text" library="Browser">
<arg>css=input[name=email]</arg>
<arg>${user}[email]</arg>
<tag>PageContent</tag>
<tag>Setter</tag>
<doc>Clears and fills the given ``txt`` into the text field found by ``selector``.</doc>
<msg timestamp="20231128 10:10:35.096" level="INFO">Fills the text 'martins@msn.com' in the given field.</msg>
<status status="PASS" starttime="20231128 10:10:35.096" endtime="20231128 10:10:35.107"/>
</kw>
<kw name="Fill Text" library="Browser">
<arg>css=input[name=password]</arg>
<arg>${user}[password]</arg>
<tag>PageContent</tag>
<tag>Setter</tag>
<doc>Clears and fills the given ``txt`` into the text field found by ``selector``.</doc>
<msg timestamp="20231128 10:10:35.107" level="INFO">Fills the text '1' in the given field.</msg>
<status status="PASS" starttime="20231128 10:10:35.107" endtime="20231128 10:10:35.144"/>
</kw>
<kw name="Click" library="Browser">
<arg>css=button[type=submit] &gt;&gt; text=Cadastrar</arg>
<tag>PageContent</tag>
<tag>Setter</tag>
<doc>Simulates mouse click on the element found by ``selector``.</doc>
<status status="PASS" starttime="20231128 10:10:35.144" endtime="20231128 10:10:35.196"/>
</kw>
<status status="PASS" starttime="20231128 10:10:35.071" endtime="20231128 10:10:35.196"/>
</kw>
<kw name="Alert should be" library="SignupPage">
<arg>Informe uma senha com pelo menos 6 digitos</arg>
<kw name="Wait For Elements State" library="Browser">
<arg>css=.alert-error &gt;&gt; text=${expected_text}</arg>
<arg>visible</arg>
<arg>5</arg>
<tag>PageContent</tag>
<tag>Wait</tag>
<doc>Waits for the element found by ``selector`` to satisfy state option.</doc>
<msg timestamp="20231128 10:10:35.202" level="INFO">Waited for Element with selector css=.alert-error &gt;&gt; text=Informe uma senha com pelo menos 6 digitos at state visible</msg>
<status status="PASS" starttime="20231128 10:10:35.196" endtime="20231128 10:10:35.203"/>
</kw>
<status status="PASS" starttime="20231128 10:10:35.196" endtime="20231128 10:10:35.203"/>
</kw>
<status status="PASS" starttime="20231128 10:10:34.959" endtime="20231128 10:10:35.203"/>
</kw>
<kw name="Take Screenshot" library="Browser" type="TEARDOWN">
<tag>PageContent</tag>
<doc>Takes a screenshot of the current window or element and saves it to disk.</doc>
<msg timestamp="20231128 10:10:35.366" level="INFO" html="true">&lt;/td&gt;&lt;/tr&gt;&lt;tr&gt;&lt;td colspan="3"&gt;&lt;a href="browser/screenshot/robotframework-browser-screenshot-1.png" target="_blank"&gt;&lt;img src="browser/screenshot/robotframework-browser-screenshot-1.png" width="800px"/&gt;&lt;/a&gt;</msg>
<status status="PASS" starttime="20231128 10:10:35.203" endtime="20231128 10:10:35.366"/>
</kw>
<status status="PASS" starttime="20231128 10:10:31.744" endtime="20231128 10:10:35.367"/>
</test>
<test id="s1-t2" name="Não deve logar com senha de 2 dígitos" line="12">
<kw name="Start Session" library="base" type="SETUP">
<kw name="New Browser" library="Browser">
<arg>browser=chromium</arg>
<arg>headless=False</arg>
<tag>BrowserControl</tag>
<tag>Setter</tag>
<doc>Create a new playwright Browser with specified options.</doc>
<msg timestamp="20231128 10:10:35.424" level="INFO">Switching browser to browser=837b3aa4-a8e7-40c9-8e7d-9eb708853060</msg>
<msg timestamp="20231128 10:10:35.426" level="INFO">Successfully changed active browser: browser=837b3aa4-a8e7-40c9-8e7d-9eb708853060</msg>
<msg timestamp="20231128 10:10:35.426" level="INFO">Reusing existing browser with id: browser=837b3aa4-a8e7-40c9-8e7d-9eb708853060</msg>
<status status="PASS" starttime="20231128 10:10:35.423" endtime="20231128 10:10:35.426"/>
</kw>
<kw name="New Page" library="Browser">
<arg>${BASE_URL}</arg>
<tag>BrowserControl</tag>
<tag>Setter</tag>
<doc>Open a new Page.</doc>
<msg timestamp="20231128 10:10:36.442" level="INFO">Successfully initialized new page object and opened url: http://localhost:3000</msg>
<msg timestamp="20231128 10:10:36.442" level="INFO">No context was open. New context was automatically opened when this page is created.</msg>
<status status="PASS" starttime="20231128 10:10:35.426" endtime="20231128 10:10:36.442"/>
</kw>
<status status="PASS" starttime="20231128 10:10:35.423" endtime="20231128 10:10:36.442"/>
</kw>
<kw name="Short password">
<arg>12</arg>
<kw name="Create Dictionary" library="BuiltIn">
<var>${user}</var>
<arg>name=Leonardo Martins</arg>
<arg>email=martins@msn.com</arg>
<arg>password=${short_pass}</arg>
<doc>Creates and returns a dictionary based on the given ``items``.</doc>
<msg timestamp="20231128 10:10:36.444" level="INFO">${user} = {'name': 'Leonardo Martins', 'email': 'martins@msn.com', 'password': '12'}</msg>
<status status="PASS" starttime="20231128 10:10:36.443" endtime="20231128 10:10:36.444"/>
</kw>
<kw name="Go to signup page" library="SignupPage">
<kw name="Go To" library="Browser">
<arg>${BASE_URL}/signup</arg>
<tag>BrowserControl</tag>
<tag>Setter</tag>
<doc>Navigates to the given ``url``.</doc>
<msg timestamp="20231128 10:10:36.493" level="INFO">Successfully opened URL http://localhost:3000/signup</msg>
<status status="PASS" starttime="20231128 10:10:36.445" endtime="20231128 10:10:36.493"/>
</kw>
<kw name="Wait For Elements State" library="Browser">
<arg>css=h1</arg>
<arg>visible</arg>
<arg>5</arg>
<tag>PageContent</tag>
<tag>Wait</tag>
<doc>Waits for the element found by ``selector`` to satisfy state option.</doc>
<msg timestamp="20231128 10:10:36.513" level="INFO">Waited for Element with selector css=h1 at state visible</msg>
<status status="PASS" starttime="20231128 10:10:36.493" endtime="20231128 10:10:36.513"/>
</kw>
<kw name="Get Text" library="Browser">
<arg>css=h1</arg>
<arg>equal</arg>
<arg>Faça seu cadastro</arg>
<tag>Assertion</tag>
<tag>Getter</tag>
<tag>PageContent</tag>
<doc>Returns text attribute of the element found by ``selector``.</doc>
<msg timestamp="20231128 10:10:36.527" level="INFO">Text: 'Faça seu cadastro'</msg>
<status status="PASS" starttime="20231128 10:10:36.513" endtime="20231128 10:10:36.527"/>
</kw>
<status status="PASS" starttime="20231128 10:10:36.444" endtime="20231128 10:10:36.527"/>
</kw>
<kw name="Submit signup form" library="SignupPage">
<arg>${user}</arg>
<kw name="Fill Text" library="Browser">
<arg>css=input[name=name]</arg>
<arg>${user}[name]</arg>
<tag>PageContent</tag>
<tag>Setter</tag>
<doc>Clears and fills the given ``txt`` into the text field found by ``selector``.</doc>
<msg timestamp="20231128 10:10:36.527" level="INFO">Fills the text 'Leonardo Martins' in the given field.</msg>
<status status="PASS" starttime="20231128 10:10:36.527" endtime="20231128 10:10:36.539"/>
</kw>
<kw name="Fill Text" library="Browser">
<arg>css=input[name=email]</arg>
<arg>${user}[email]</arg>
<tag>PageContent</tag>
<tag>Setter</tag>
<doc>Clears and fills the given ``txt`` into the text field found by ``selector``.</doc>
<msg timestamp="20231128 10:10:36.539" level="INFO">Fills the text 'martins@msn.com' in the given field.</msg>
<status status="PASS" starttime="20231128 10:10:36.539" endtime="20231128 10:10:36.550"/>
</kw>
<kw name="Fill Text" library="Browser">
<arg>css=input[name=password]</arg>
<arg>${user}[password]</arg>
<tag>PageContent</tag>
<tag>Setter</tag>
<doc>Clears and fills the given ``txt`` into the text field found by ``selector``.</doc>
<msg timestamp="20231128 10:10:36.550" level="INFO">Fills the text '12' in the given field.</msg>
<status status="PASS" starttime="20231128 10:10:36.550" endtime="20231128 10:10:36.587"/>
</kw>
<kw name="Click" library="Browser">
<arg>css=button[type=submit] &gt;&gt; text=Cadastrar</arg>
<tag>PageContent</tag>
<tag>Setter</tag>
<doc>Simulates mouse click on the element found by ``selector``.</doc>
<status status="PASS" starttime="20231128 10:10:36.587" endtime="20231128 10:10:36.640"/>
</kw>
<status status="PASS" starttime="20231128 10:10:36.527" endtime="20231128 10:10:36.640"/>
</kw>
<kw name="Alert should be" library="SignupPage">
<arg>Informe uma senha com pelo menos 6 digitos</arg>
<kw name="Wait For Elements State" library="Browser">
<arg>css=.alert-error &gt;&gt; text=${expected_text}</arg>
<arg>visible</arg>
<arg>5</arg>
<tag>PageContent</tag>
<tag>Wait</tag>
<doc>Waits for the element found by ``selector`` to satisfy state option.</doc>
<msg timestamp="20231128 10:10:36.645" level="INFO">Waited for Element with selector css=.alert-error &gt;&gt; text=Informe uma senha com pelo menos 6 digitos at state visible</msg>
<status status="PASS" starttime="20231128 10:10:36.640" endtime="20231128 10:10:36.645"/>
</kw>
<status status="PASS" starttime="20231128 10:10:36.640" endtime="20231128 10:10:36.646"/>
</kw>
<status status="PASS" starttime="20231128 10:10:36.443" endtime="20231128 10:10:36.646"/>
</kw>
<kw name="Take Screenshot" library="Browser" type="TEARDOWN">
<tag>PageContent</tag>
<doc>Takes a screenshot of the current window or element and saves it to disk.</doc>
<msg timestamp="20231128 10:10:36.798" level="INFO" html="true">&lt;/td&gt;&lt;/tr&gt;&lt;tr&gt;&lt;td colspan="3"&gt;&lt;a href="browser/screenshot/robotframework-browser-screenshot-2.png" target="_blank"&gt;&lt;img src="browser/screenshot/robotframework-browser-screenshot-2.png" width="800px"/&gt;&lt;/a&gt;</msg>
<status status="PASS" starttime="20231128 10:10:36.646" endtime="20231128 10:10:36.798"/>
</kw>
<status status="PASS" starttime="20231128 10:10:35.420" endtime="20231128 10:10:36.798"/>
</test>
<test id="s1-t3" name="Não deve logar com senha de 3 dígitos" line="13">
<kw name="Start Session" library="base" type="SETUP">
<kw name="New Browser" library="Browser">
<arg>browser=chromium</arg>
<arg>headless=False</arg>
<tag>BrowserControl</tag>
<tag>Setter</tag>
<doc>Create a new playwright Browser with specified options.</doc>
<msg timestamp="20231128 10:10:36.842" level="INFO">Switching browser to browser=837b3aa4-a8e7-40c9-8e7d-9eb708853060</msg>
<msg timestamp="20231128 10:10:36.844" level="INFO">Successfully changed active browser: browser=837b3aa4-a8e7-40c9-8e7d-9eb708853060</msg>
<msg timestamp="20231128 10:10:36.844" level="INFO">Reusing existing browser with id: browser=837b3aa4-a8e7-40c9-8e7d-9eb708853060</msg>
<status status="PASS" starttime="20231128 10:10:36.841" endtime="20231128 10:10:36.844"/>
</kw>
<kw name="New Page" library="Browser">
<arg>${BASE_URL}</arg>
<tag>BrowserControl</tag>
<tag>Setter</tag>
<doc>Open a new Page.</doc>
<msg timestamp="20231128 10:10:37.757" level="INFO">Successfully initialized new page object and opened url: http://localhost:3000</msg>
<msg timestamp="20231128 10:10:37.757" level="INFO">No context was open. New context was automatically opened when this page is created.</msg>
<status status="PASS" starttime="20231128 10:10:36.844" endtime="20231128 10:10:37.758"/>
</kw>
<status status="PASS" starttime="20231128 10:10:36.841" endtime="20231128 10:10:37.758"/>
</kw>
<kw name="Short password">
<arg>123</arg>
<kw name="Create Dictionary" library="BuiltIn">
<var>${user}</var>
<arg>name=Leonardo Martins</arg>
<arg>email=martins@msn.com</arg>
<arg>password=${short_pass}</arg>
<doc>Creates and returns a dictionary based on the given ``items``.</doc>
<msg timestamp="20231128 10:10:37.759" level="INFO">${user} = {'name': 'Leonardo Martins', 'email': 'martins@msn.com', 'password': '123'}</msg>
<status status="PASS" starttime="20231128 10:10:37.759" endtime="20231128 10:10:37.759"/>
</kw>
<kw name="Go to signup page" library="SignupPage">
<kw name="Go To" library="Browser">
<arg>${BASE_URL}/signup</arg>
<tag>BrowserControl</tag>
<tag>Setter</tag>
<doc>Navigates to the given ``url``.</doc>
<msg timestamp="20231128 10:10:37.805" level="INFO">Successfully opened URL http://localhost:3000/signup</msg>
<status status="PASS" starttime="20231128 10:10:37.760" endtime="20231128 10:10:37.805"/>
</kw>
<kw name="Wait For Elements State" library="Browser">
<arg>css=h1</arg>
<arg>visible</arg>
<arg>5</arg>
<tag>PageContent</tag>
<tag>Wait</tag>
<doc>Waits for the element found by ``selector`` to satisfy state option.</doc>
<msg timestamp="20231128 10:10:37.827" level="INFO">Waited for Element with selector css=h1 at state visible</msg>
<status status="PASS" starttime="20231128 10:10:37.806" endtime="20231128 10:10:37.827"/>
</kw>
<kw name="Get Text" library="Browser">
<arg>css=h1</arg>
<arg>equal</arg>
<arg>Faça seu cadastro</arg>
<tag>Assertion</tag>
<tag>Getter</tag>
<tag>PageContent</tag>
<doc>Returns text attribute of the element found by ``selector``.</doc>
<msg timestamp="20231128 10:10:37.840" level="INFO">Text: 'Faça seu cadastro'</msg>
<status status="PASS" starttime="20231128 10:10:37.827" endtime="20231128 10:10:37.840"/>
</kw>
<status status="PASS" starttime="20231128 10:10:37.760" endtime="20231128 10:10:37.840"/>
</kw>
<kw name="Submit signup form" library="SignupPage">
<arg>${user}</arg>
<kw name="Fill Text" library="Browser">
<arg>css=input[name=name]</arg>
<arg>${user}[name]</arg>
<tag>PageContent</tag>
<tag>Setter</tag>
<doc>Clears and fills the given ``txt`` into the text field found by ``selector``.</doc>
<msg timestamp="20231128 10:10:37.840" level="INFO">Fills the text 'Leonardo Martins' in the given field.</msg>
<status status="PASS" starttime="20231128 10:10:37.840" endtime="20231128 10:10:37.850"/>
</kw>
<kw name="Fill Text" library="Browser">
<arg>css=input[name=email]</arg>
<arg>${user}[email]</arg>
<tag>PageContent</tag>
<tag>Setter</tag>
<doc>Clears and fills the given ``txt`` into the text field found by ``selector``.</doc>
<msg timestamp="20231128 10:10:37.850" level="INFO">Fills the text 'martins@msn.com' in the given field.</msg>
<status status="PASS" starttime="20231128 10:10:37.850" endtime="20231128 10:10:37.861"/>
</kw>
<kw name="Fill Text" library="Browser">
<arg>css=input[name=password]</arg>
<arg>${user}[password]</arg>
<tag>PageContent</tag>
<tag>Setter</tag>
<doc>Clears and fills the given ``txt`` into the text field found by ``selector``.</doc>
<msg timestamp="20231128 10:10:37.861" level="INFO">Fills the text '123' in the given field.</msg>
<status status="PASS" starttime="20231128 10:10:37.861" endtime="20231128 10:10:37.893"/>
</kw>
<kw name="Click" library="Browser">
<arg>css=button[type=submit] &gt;&gt; text=Cadastrar</arg>
<tag>PageContent</tag>
<tag>Setter</tag>
<doc>Simulates mouse click on the element found by ``selector``.</doc>
<status status="PASS" starttime="20231128 10:10:37.893" endtime="20231128 10:10:37.939"/>
</kw>
<status status="PASS" starttime="20231128 10:10:37.840" endtime="20231128 10:10:37.940"/>
</kw>
<kw name="Alert should be" library="SignupPage">
<arg>Informe uma senha com pelo menos 6 digitos</arg>
<kw name="Wait For Elements State" library="Browser">
<arg>css=.alert-error &gt;&gt; text=${expected_text}</arg>
<arg>visible</arg>
<arg>5</arg>
<tag>PageContent</tag>
<tag>Wait</tag>
<doc>Waits for the element found by ``selector`` to satisfy state option.</doc>
<msg timestamp="20231128 10:10:37.944" level="INFO">Waited for Element with selector css=.alert-error &gt;&gt; text=Informe uma senha com pelo menos 6 digitos at state visible</msg>
<status status="PASS" starttime="20231128 10:10:37.940" endtime="20231128 10:10:37.944"/>
</kw>
<status status="PASS" starttime="20231128 10:10:37.940" endtime="20231128 10:10:37.945"/>
</kw>
<status status="PASS" starttime="20231128 10:10:37.758" endtime="20231128 10:10:37.945"/>
</kw>
<kw name="Take Screenshot" library="Browser" type="TEARDOWN">
<tag>PageContent</tag>
<doc>Takes a screenshot of the current window or element and saves it to disk.</doc>
<msg timestamp="20231128 10:10:38.094" level="INFO" html="true">&lt;/td&gt;&lt;/tr&gt;&lt;tr&gt;&lt;td colspan="3"&gt;&lt;a href="browser/screenshot/robotframework-browser-screenshot-3.png" target="_blank"&gt;&lt;img src="browser/screenshot/robotframework-browser-screenshot-3.png" width="800px"/&gt;&lt;/a&gt;</msg>
<status status="PASS" starttime="20231128 10:10:37.945" endtime="20231128 10:10:38.095"/>
</kw>
<status status="PASS" starttime="20231128 10:10:36.839" endtime="20231128 10:10:38.095"/>
</test>
<test id="s1-t4" name="Não deve logar com senha de 4 dígitos" line="14">
<kw name="Start Session" library="base" type="SETUP">
<kw name="New Browser" library="Browser">
<arg>browser=chromium</arg>
<arg>headless=False</arg>
<tag>BrowserControl</tag>
<tag>Setter</tag>
<doc>Create a new playwright Browser with specified options.</doc>
<msg timestamp="20231128 10:10:38.137" level="INFO">Switching browser to browser=837b3aa4-a8e7-40c9-8e7d-9eb708853060</msg>
<msg timestamp="20231128 10:10:38.139" level="INFO">Successfully changed active browser: browser=837b3aa4-a8e7-40c9-8e7d-9eb708853060</msg>
<msg timestamp="20231128 10:10:38.140" level="INFO">Reusing existing browser with id: browser=837b3aa4-a8e7-40c9-8e7d-9eb708853060</msg>
<status status="PASS" starttime="20231128 10:10:38.137" endtime="20231128 10:10:38.140"/>
</kw>
<kw name="New Page" library="Browser">
<arg>${BASE_URL}</arg>
<tag>BrowserControl</tag>
<tag>Setter</tag>
<doc>Open a new Page.</doc>
<msg timestamp="20231128 10:10:39.273" level="INFO">Successfully initialized new page object and opened url: http://localhost:3000</msg>
<msg timestamp="20231128 10:10:39.273" level="INFO">No context was open. New context was automatically opened when this page is created.</msg>
<status status="PASS" starttime="20231128 10:10:38.140" endtime="20231128 10:10:39.274"/>
</kw>
<status status="PASS" starttime="20231128 10:10:38.137" endtime="20231128 10:10:39.274"/>
</kw>
<kw name="Short password">
<arg>1234</arg>
<kw name="Create Dictionary" library="BuiltIn">
<var>${user}</var>
<arg>name=Leonardo Martins</arg>
<arg>email=martins@msn.com</arg>
<arg>password=${short_pass}</arg>
<doc>Creates and returns a dictionary based on the given ``items``.</doc>
<msg timestamp="20231128 10:10:39.275" level="INFO">${user} = {'name': 'Leonardo Martins', 'email': 'martins@msn.com', 'password': '1234'}</msg>
<status status="PASS" starttime="20231128 10:10:39.275" endtime="20231128 10:10:39.275"/>
</kw>
<kw name="Go to signup page" library="SignupPage">
<kw name="Go To" library="Browser">
<arg>${BASE_URL}/signup</arg>
<tag>BrowserControl</tag>
<tag>Setter</tag>
<doc>Navigates to the given ``url``.</doc>
<msg timestamp="20231128 10:10:39.323" level="INFO">Successfully opened URL http://localhost:3000/signup</msg>
<status status="PASS" starttime="20231128 10:10:39.276" endtime="20231128 10:10:39.323"/>
</kw>
<kw name="Wait For Elements State" library="Browser">
<arg>css=h1</arg>
<arg>visible</arg>
<arg>5</arg>
<tag>PageContent</tag>
<tag>Wait</tag>
<doc>Waits for the element found by ``selector`` to satisfy state option.</doc>
<msg timestamp="20231128 10:10:39.347" level="INFO">Waited for Element with selector css=h1 at state visible</msg>
<status status="PASS" starttime="20231128 10:10:39.324" endtime="20231128 10:10:39.347"/>
</kw>
<kw name="Get Text" library="Browser">
<arg>css=h1</arg>
<arg>equal</arg>
<arg>Faça seu cadastro</arg>
<tag>Assertion</tag>
<tag>Getter</tag>
<tag>PageContent</tag>
<doc>Returns text attribute of the element found by ``selector``.</doc>
<msg timestamp="20231128 10:10:39.362" level="INFO">Text: 'Faça seu cadastro'</msg>
<status status="PASS" starttime="20231128 10:10:39.347" endtime="20231128 10:10:39.362"/>
</kw>
<status status="PASS" starttime="20231128 10:10:39.275" endtime="20231128 10:10:39.362"/>
</kw>
<kw name="Submit signup form" library="SignupPage">
<arg>${user}</arg>
<kw name="Fill Text" library="Browser">
<arg>css=input[name=name]</arg>
<arg>${user}[name]</arg>
<tag>PageContent</tag>
<tag>Setter</tag>
<doc>Clears and fills the given ``txt`` into the text field found by ``selector``.</doc>
<msg timestamp="20231128 10:10:39.363" level="INFO">Fills the text 'Leonardo Martins' in the given field.</msg>
<status status="PASS" starttime="20231128 10:10:39.362" endtime="20231128 10:10:39.373"/>
</kw>
<kw name="Fill Text" library="Browser">
<arg>css=input[name=email]</arg>
<arg>${user}[email]</arg>
<tag>PageContent</tag>
<tag>Setter</tag>
<doc>Clears and fills the given ``txt`` into the text field found by ``selector``.</doc>
<msg timestamp="20231128 10:10:39.373" level="INFO">Fills the text 'martins@msn.com' in the given field.</msg>
<status status="PASS" starttime="20231128 10:10:39.373" endtime="20231128 10:10:39.383"/>
</kw>
<kw name="Fill Text" library="Browser">
<arg>css=input[name=password]</arg>
<arg>${user}[password]</arg>
<tag>PageContent</tag>
<tag>Setter</tag>
<doc>Clears and fills the given ``txt`` into the text field found by ``selector``.</doc>
<msg timestamp="20231128 10:10:39.383" level="INFO">Fills the text '1234' in the given field.</msg>
<status status="PASS" starttime="20231128 10:10:39.383" endtime="20231128 10:10:39.414"/>
</kw>
<kw name="Click" library="Browser">
<arg>css=button[type=submit] &gt;&gt; text=Cadastrar</arg>
<tag>PageContent</tag>
<tag>Setter</tag>
<doc>Simulates mouse click on the element found by ``selector``.</doc>
<status status="PASS" starttime="20231128 10:10:39.414" endtime="20231128 10:10:39.456"/>
</kw>
<status status="PASS" starttime="20231128 10:10:39.362" endtime="20231128 10:10:39.456"/>
</kw>
<kw name="Alert should be" library="SignupPage">
<arg>Informe uma senha com pelo menos 6 digitos</arg>
<kw name="Wait For Elements State" library="Browser">
<arg>css=.alert-error &gt;&gt; text=${expected_text}</arg>
<arg>visible</arg>
<arg>5</arg>
<tag>PageContent</tag>
<tag>Wait</tag>
<doc>Waits for the element found by ``selector`` to satisfy state option.</doc>
<msg timestamp="20231128 10:10:39.462" level="INFO">Waited for Element with selector css=.alert-error &gt;&gt; text=Informe uma senha com pelo menos 6 digitos at state visible</msg>
<status status="PASS" starttime="20231128 10:10:39.457" endtime="20231128 10:10:39.462"/>
</kw>
<status status="PASS" starttime="20231128 10:10:39.457" endtime="20231128 10:10:39.462"/>
</kw>
<status status="PASS" starttime="20231128 10:10:39.274" endtime="20231128 10:10:39.462"/>
</kw>
<kw name="Take Screenshot" library="Browser" type="TEARDOWN">
<tag>PageContent</tag>
<doc>Takes a screenshot of the current window or element and saves it to disk.</doc>
<msg timestamp="20231128 10:10:39.613" level="INFO" html="true">&lt;/td&gt;&lt;/tr&gt;&lt;tr&gt;&lt;td colspan="3"&gt;&lt;a href="browser/screenshot/robotframework-browser-screenshot-4.png" target="_blank"&gt;&lt;img src="browser/screenshot/robotframework-browser-screenshot-4.png" width="800px"/&gt;&lt;/a&gt;</msg>
<status status="PASS" starttime="20231128 10:10:39.462" endtime="20231128 10:10:39.613"/>
</kw>
<status status="PASS" starttime="20231128 10:10:38.135" endtime="20231128 10:10:39.613"/>
</test>
<test id="s1-t5" name="Não deve logar com senha de 5 dígitos" line="15">
<kw name="Start Session" library="base" type="SETUP">
<kw name="New Browser" library="Browser">
<arg>browser=chromium</arg>
<arg>headless=False</arg>
<tag>BrowserControl</tag>
<tag>Setter</tag>
<doc>Create a new playwright Browser with specified options.</doc>
<msg timestamp="20231128 10:10:39.651" level="INFO">Switching browser to browser=837b3aa4-a8e7-40c9-8e7d-9eb708853060</msg>
<msg timestamp="20231128 10:10:39.653" level="INFO">Successfully changed active browser: browser=837b3aa4-a8e7-40c9-8e7d-9eb708853060</msg>
<msg timestamp="20231128 10:10:39.654" level="INFO">Reusing existing browser with id: browser=837b3aa4-a8e7-40c9-8e7d-9eb708853060</msg>
<status status="PASS" starttime="20231128 10:10:39.651" endtime="20231128 10:10:39.654"/>
</kw>
<kw name="New Page" library="Browser">
<arg>${BASE_URL}</arg>
<tag>BrowserControl</tag>
<tag>Setter</tag>
<doc>Open a new Page.</doc>
<msg timestamp="20231128 10:10:40.658" level="INFO">Successfully initialized new page object and opened url: http://localhost:3000</msg>
<msg timestamp="20231128 10:10:40.658" level="INFO">No context was open. New context was automatically opened when this page is created.</msg>
<status status="PASS" starttime="20231128 10:10:39.654" endtime="20231128 10:10:40.658"/>
</kw>
<status status="PASS" starttime="20231128 10:10:39.651" endtime="20231128 10:10:40.658"/>
</kw>
<kw name="Short password">
<arg>12345</arg>
<kw name="Create Dictionary" library="BuiltIn">
<var>${user}</var>
<arg>name=Leonardo Martins</arg>
<arg>email=martins@msn.com</arg>
<arg>password=${short_pass}</arg>
<doc>Creates and returns a dictionary based on the given ``items``.</doc>
<msg timestamp="20231128 10:10:40.660" level="INFO">${user} = {'name': 'Leonardo Martins', 'email': 'martins@msn.com', 'password': '12345'}</msg>
<status status="PASS" starttime="20231128 10:10:40.659" endtime="20231128 10:10:40.660"/>
</kw>
<kw name="Go to signup page" library="SignupPage">
<kw name="Go To" library="Browser">
<arg>${BASE_URL}/signup</arg>
<tag>BrowserControl</tag>
<tag>Setter</tag>
<doc>Navigates to the given ``url``.</doc>
<msg timestamp="20231128 10:10:40.707" level="INFO">Successfully opened URL http://localhost:3000/signup</msg>
<status status="PASS" starttime="20231128 10:10:40.661" endtime="20231128 10:10:40.707"/>
</kw>
<kw name="Wait For Elements State" library="Browser">
<arg>css=h1</arg>
<arg>visible</arg>
<arg>5</arg>
<tag>PageContent</tag>
<tag>Wait</tag>
<doc>Waits for the element found by ``selector`` to satisfy state option.</doc>
<msg timestamp="20231128 10:10:40.727" level="INFO">Waited for Element with selector css=h1 at state visible</msg>
<status status="PASS" starttime="20231128 10:10:40.708" endtime="20231128 10:10:40.727"/>
</kw>
<kw name="Get Text" library="Browser">
<arg>css=h1</arg>
<arg>equal</arg>
<arg>Faça seu cadastro</arg>
<tag>Assertion</tag>
<tag>Getter</tag>
<tag>PageContent</tag>
<doc>Returns text attribute of the element found by ``selector``.</doc>
<msg timestamp="20231128 10:10:40.739" level="INFO">Text: 'Faça seu cadastro'</msg>
<status status="PASS" starttime="20231128 10:10:40.727" endtime="20231128 10:10:40.739"/>
</kw>
<status status="PASS" starttime="20231128 10:10:40.660" endtime="20231128 10:10:40.739"/>
</kw>
<kw name="Submit signup form" library="SignupPage">
<arg>${user}</arg>
<kw name="Fill Text" library="Browser">
<arg>css=input[name=name]</arg>
<arg>${user}[name]</arg>
<tag>PageContent</tag>
<tag>Setter</tag>
<doc>Clears and fills the given ``txt`` into the text field found by ``selector``.</doc>
<msg timestamp="20231128 10:10:40.739" level="INFO">Fills the text 'Leonardo Martins' in the given field.</msg>
<status status="PASS" starttime="20231128 10:10:40.739" endtime="20231128 10:10:40.749"/>
</kw>
<kw name="Fill Text" library="Browser">
<arg>css=input[name=email]</arg>
<arg>${user}[email]</arg>
<tag>PageContent</tag>
<tag>Setter</tag>
<doc>Clears and fills the given ``txt`` into the text field found by ``selector``.</doc>
<msg timestamp="20231128 10:10:40.750" level="INFO">Fills the text 'martins@msn.com' in the given field.</msg>
<status status="PASS" starttime="20231128 10:10:40.749" endtime="20231128 10:10:40.758"/>
</kw>
<kw name="Fill Text" library="Browser">
<arg>css=input[name=password]</arg>
<arg>${user}[password]</arg>
<tag>PageContent</tag>
<tag>Setter</tag>
<doc>Clears and fills the given ``txt`` into the text field found by ``selector``.</doc>
<msg timestamp="20231128 10:10:40.758" level="INFO">Fills the text '12345' in the given field.</msg>
<status status="PASS" starttime="20231128 10:10:40.758" endtime="20231128 10:10:40.792"/>
</kw>
<kw name="Click" library="Browser">
<arg>css=button[type=submit] &gt;&gt; text=Cadastrar</arg>
<tag>PageContent</tag>
<tag>Setter</tag>
<doc>Simulates mouse click on the element found by ``selector``.</doc>
<status status="PASS" starttime="20231128 10:10:40.792" endtime="20231128 10:10:40.839"/>
</kw>
<status status="PASS" starttime="20231128 10:10:40.739" endtime="20231128 10:10:40.839"/>
</kw>
<kw name="Alert should be" library="SignupPage">
<arg>Informe uma senha com pelo menos 6 digitos</arg>
<kw name="Wait For Elements State" library="Browser">
<arg>css=.alert-error &gt;&gt; text=${expected_text}</arg>
<arg>visible</arg>
<arg>5</arg>
<tag>PageContent</tag>
<tag>Wait</tag>
<doc>Waits for the element found by ``selector`` to satisfy state option.</doc>
<msg timestamp="20231128 10:10:40.844" level="INFO">Waited for Element with selector css=.alert-error &gt;&gt; text=Informe uma senha com pelo menos 6 digitos at state visible</msg>
<status status="PASS" starttime="20231128 10:10:40.840" endtime="20231128 10:10:40.845"/>
</kw>
<status status="PASS" starttime="20231128 10:10:40.839" endtime="20231128 10:10:40.845"/>
</kw>
<status status="PASS" starttime="20231128 10:10:40.659" endtime="20231128 10:10:40.845"/>
</kw>
<kw name="Take Screenshot" library="Browser" type="TEARDOWN">
<tag>PageContent</tag>
<doc>Takes a screenshot of the current window or element and saves it to disk.</doc>
<msg timestamp="20231128 10:10:40.995" level="INFO" html="true">&lt;/td&gt;&lt;/tr&gt;&lt;tr&gt;&lt;td colspan="3"&gt;&lt;a href="browser/screenshot/robotframework-browser-screenshot-5.png" target="_blank"&gt;&lt;img src="browser/screenshot/robotframework-browser-screenshot-5.png" width="800px"/&gt;&lt;/a&gt;</msg>
<status status="PASS" starttime="20231128 10:10:40.845" endtime="20231128 10:10:40.995"/>
</kw>
<status status="PASS" starttime="20231128 10:10:39.650" endtime="20231128 10:10:40.995"/>
</test>
<status status="PASS" starttime="20231128 10:10:29.369" endtime="20231128 10:10:41.033"/>
</suite>
<statistics>
<total>
<stat pass="5" fail="0" skip="0">All Tests</stat>
</total>
<tag>
</tag>
<suite>
<stat pass="5" fail="0" skip="0" id="s1" name="Signup Attempt">Signup Attempt</stat>
</suite>
</statistics>
<errors>
</errors>
</robot>
